# JRE version: OpenJDK Runtime Environment (15.0.1+9) (build 15.0.1+9-18)
# Java VM: OpenJDK 64-Bit Server VM (15.0.1+9-18, mixed mode, tiered, compressed oops, g1 gc, windows-amd64)
GC Precious Log:
 CPUs: 4 total, 4 available
 Memory: 8071M
 Large Page Support: Disabled
 NUMA Support: Disabled
 Compressed Oops: Enabled (32-bit)
 Heap Region Size: 1M
 Heap Min Capacity: 8M
 Heap Initial Capacity: 128M
 Heap Max Capacity: 2018M
 Pre-touch: Disabled
 Parallel Workers: 4
 Concurrent Workers: 1
 Concurrent Refinement Workers: 4
 Periodic GC: Disabled
Heap:
 garbage-first heap   total 56320K, used 31720K [0x0000000081e00000, 0x0000000100000000)
  region size 1024K, 2 young (2048K), 1 survivors (1024K)
 Metaspace       used 20911K, capacity 21101K, committed 21376K, reserved 1069056K
  class space    used 2041K, capacity 2123K, committed 2176K, reserved 1048576K
GC Heap History (20 events):
Event: 29.675 GC heap before
{Heap before GC invocations=51 (full 4):
 garbage-first heap   total 122880K, used 37976K [0x0000000081e00000, 0x0000000100000000)
  region size 1024K, 6 young (6144K), 1 survivors (1024K)
 Metaspace       used 20865K, capacity 21037K, committed 21120K, reserved 1069056K
  class space    used 2041K, capacity 2123K, committed 2176K, reserved 1048576K
}
Event: 29.681 GC heap after
{Heap after GC invocations=52 (full 4):
 garbage-first heap   total 122880K, used 26220K [0x0000000081e00000, 0x0000000100000000)
  region size 1024K, 1 young (1024K), 1 survivors (1024K)
 Metaspace       used 20865K, capacity 21037K, committed 21120K, reserved 1069056K
  class space    used 2041K, capacity 2123K, committed 2176K, reserved 1048576K
}
Event: 50.088 GC heap before
{Heap before GC invocations=52 (full 4):
 garbage-first heap   total 122880K, used 51820K [0x0000000081e00000, 0x0000000100000000)
  region size 1024K, 28 young (28672K), 1 survivors (1024K)
 Metaspace       used 20909K, capacity 21101K, committed 21376K, reserved 1069056K
  class space    used 2041K, capacity 2123K, committed 2176K, reserved 1048576K
}
Event: 50.103 GC heap after
{Heap after GC invocations=53 (full 5):
 garbage-first heap   total 40960K, used 10739K [0x0000000081e00000, 0x0000000100000000)
  region size 1024K, 0 young (0K), 0 survivors (0K)
 Metaspace       used 20909K, capacity 21101K, committed 21376K, reserved 1069056K
  class space    used 2041K, capacity 2123K, committed 2176K, reserved 1048576K
}
Event: 50.107 GC heap before
{Heap before GC invocations=53 (full 5):
 garbage-first heap   total 40960K, used 18931K [0x0000000081e00000, 0x0000000100000000)
  region size 1024K, 9 young (9216K), 0 survivors (0K)
 Metaspace       used 20909K, capacity 21101K, committed 21376K, reserved 1069056K
  class space    used 2041K, capacity 2123K, committed 2176K, reserved 1048576K
}
Event: 50.114 GC heap after
{Heap after GC invocations=54 (full 5):
 garbage-first heap   total 40960K, used 16624K [0x0000000081e00000, 0x0000000100000000)
  region size 1024K, 2 young (2048K), 2 survivors (2048K)
 Metaspace       used 20909K, capacity 21101K, committed 21376K, reserved 1069056K
  class space    used 2041K, capacity 2123K, committed 2176K, reserved 1048576K
}
Event: 50.116 GC heap before
{Heap before GC invocations=54 (full 5):
 garbage-first heap   total 40960K, used 21744K [0x0000000081e00000, 0x0000000100000000)
  region size 1024K, 8 young (8192K), 2 survivors (2048K)
 Metaspace       used 20909K, capacity 21101K, committed 21376K, reserved 1069056K
  class space    used 2041K, capacity 2123K, committed 2176K, reserved 1048576K
}
Event: 50.122 GC heap after
{Heap after GC invocations=55 (full 5):
 garbage-first heap   total 40960K, used 20389K [0x0000000081e00000, 0x0000000100000000)
  region size 1024K, 1 young (1024K), 1 survivors (1024K)
 Metaspace       used 20909K, capacity 21101K, committed 21376K, reserved 1069056K
  class space    used 2041K, capacity 2123K, committed 2176K, reserved 1048576K
}
Event: 50.125 GC heap before
{Heap before GC invocations=55 (full 5):
 garbage-first heap   total 40960K, used 23461K [0x0000000081e00000, 0x0000000100000000)
  region size 1024K, 5 young (5120K), 1 survivors (1024K)
 Metaspace       used 20909K, capacity 21101K, committed 21376K, reserved 1069056K
  class space    used 2041K, capacity 2123K, committed 2176K, reserved 1048576K
}
Event: 50.129 GC heap after
{Heap after GC invocations=56 (full 5):
 garbage-first heap   total 40960K, used 24195K [0x0000000081e00000, 0x0000000100000000)
  region size 1024K, 1 young (1024K), 1 survivors (1024K)
 Metaspace       used 20909K, capacity 21101K, committed 21376K, reserved 1069056K
  class space    used 2041K, capacity 2123K, committed 2176K, reserved 1048576K
}
Event: 50.133 GC heap before
{Heap before GC invocations=56 (full 5):
 garbage-first heap   total 40960K, used 26243K [0x0000000081e00000, 0x0000000100000000)
  region size 1024K, 3 young (3072K), 1 survivors (1024K)
 Metaspace       used 20909K, capacity 21101K, committed 21376K, reserved 1069056K
  class space    used 2041K, capacity 2123K, committed 2176K, reserved 1048576K
}
Event: 50.135 GC heap after
{Heap after GC invocations=57 (full 5):
 garbage-first heap   total 40960K, used 26364K [0x0000000081e00000, 0x0000000100000000)
  region size 1024K, 1 young (1024K), 1 survivors (1024K)
 Metaspace       used 20909K, capacity 21101K, committed 21376K, reserved 1069056K
  class space    used 2041K, capacity 2123K, committed 2176K, reserved 1048576K
}
Event: 50.140 GC heap before
{Heap before GC invocations=57 (full 5):
 garbage-first heap   total 40960K, used 28412K [0x0000000081e00000, 0x0000000100000000)
  region size 1024K, 3 young (3072K), 1 survivors (1024K)
 Metaspace       used 20909K, capacity 21101K, committed 21376K, reserved 1069056K
  class space    used 2041K, capacity 2123K, committed 2176K, reserved 1048576K
}
Event: 50.144 GC heap after
{Heap after GC invocations=58 (full 5):
 garbage-first heap   total 40960K, used 28332K [0x0000000081e00000, 0x0000000100000000)
  region size 1024K, 1 young (1024K), 1 survivors (1024K)
 Metaspace       used 20909K, capacity 21101K, committed 21376K, reserved 1069056K
  class space    used 2041K, capacity 2123K, committed 2176K, reserved 1048576K
}
Event: 50.146 GC heap before
{Heap before GC invocations=58 (full 5):
 garbage-first heap   total 40960K, used 30380K [0x0000000081e00000, 0x0000000100000000)
  region size 1024K, 3 young (3072K), 1 survivors (1024K)
 Metaspace       used 20909K, capacity 21101K, committed 21376K, reserved 1069056K
  class space    used 2041K, capacity 2123K, committed 2176K, reserved 1048576K
}
Event: 50.151 GC heap after
{Heap after GC invocations=59 (full 5):
 garbage-first heap   total 40960K, used 30518K [0x0000000081e00000, 0x0000000100000000)
  region size 1024K, 1 young (1024K), 1 survivors (1024K)
 Metaspace       used 20909K, capacity 21101K, committed 21376K, reserved 1069056K
  class space    used 2041K, capacity 2123K, committed 2176K, reserved 1048576K
}
Event: 50.155 GC heap before
{Heap before GC invocations=59 (full 5):
 garbage-first heap   total 40960K, used 32566K [0x0000000081e00000, 0x0000000100000000)
  region size 1024K, 3 young (3072K), 1 survivors (1024K)
 Metaspace       used 20909K, capacity 21101K, committed 21376K, reserved 1069056K
  class space    used 2041K, capacity 2123K, committed 2176K, reserved 1048576K
}
Event: 50.159 GC heap after
{Heap after GC invocations=60 (full 5):
 garbage-first heap   total 40960K, used 32816K [0x0000000081e00000, 0x0000000100000000)
  region size 1024K, 1 young (1024K), 1 survivors (1024K)
 Metaspace       used 20909K, capacity 21101K, committed 21376K, reserved 1069056K
  class space    used 2041K, capacity 2123K, committed 2176K, reserved 1048576K
}
Event: 50.161 GC heap before
{Heap before GC invocations=60 (full 5):
 garbage-first heap   total 40960K, used 33840K [0x0000000081e00000, 0x0000000100000000)
  region size 1024K, 2 young (2048K), 1 survivors (1024K)
 Metaspace       used 20909K, capacity 21101K, committed 21376K, reserved 1069056K
  class space    used 2041K, capacity 2123K, committed 2176K, reserved 1048576K
}
Event: 50.165 GC heap after
{Heap after GC invocations=61 (full 5):
 garbage-first heap   total 40960K, used 34061K [0x0000000081e00000, 0x0000000100000000)
  region size 1024K, 1 young (1024K), 1 survivors (1024K)
 Metaspace       used 20909K, capacity 21101K, committed 21376K, reserved 1069056K
  class space    used 2041K, capacity 2123K, committed 2176K, reserved 1048576K
}

