# JRE version: OpenJDK Runtime Environment (15.0.1+9) (build 15.0.1+9-18)
# Java VM: OpenJDK 64-Bit Server VM (15.0.1+9-18, mixed mode, tiered, compressed oops, g1 gc, windows-amd64)
GC Precious Log:
 CPUs: 4 total, 4 available
 Memory: 8071M
 Large Page Support: Disabled
 NUMA Support: Disabled
 Compressed Oops: Enabled (32-bit)
 Heap Region Size: 1M
 Heap Min Capacity: 8M
 Heap Initial Capacity: 128M
 Heap Max Capacity: 2018M
 Pre-touch: Disabled
 Parallel Workers: 4
 Concurrent Workers: 1
 Concurrent Refinement Workers: 4
 Periodic GC: Disabled
Heap:
 garbage-first heap   total 34816K, used 15501K [0x0000000081e00000, 0x0000000100000000)
  region size 1024K, 2 young (2048K), 1 survivors (1024K)
 Metaspace       used 21341K, capacity 21587K, committed 21760K, reserved 1069056K
  class space    used 2140K, capacity 2220K, committed 2304K, reserved 1048576K
GC Heap History (20 events):
Event: 8.153 GC heap before
{Heap before GC invocations=3 (full 2):
 garbage-first heap   total 27648K, used 13708K [0x0000000081e00000, 0x0000000100000000)
  region size 1024K, 4 young (4096K), 1 survivors (1024K)
 Metaspace       used 20744K, capacity 20943K, committed 21120K, reserved 1069056K
  class space    used 2100K, capacity 2156K, committed 2176K, reserved 1048576K
}
Event: 8.158 GC heap after
{Heap after GC invocations=4 (full 2):
 garbage-first heap   total 27648K, used 14703K [0x0000000081e00000, 0x0000000100000000)
  region size 1024K, 1 young (1024K), 1 survivors (1024K)
 Metaspace       used 20744K, capacity 20943K, committed 21120K, reserved 1069056K
  class space    used 2100K, capacity 2156K, committed 2176K, reserved 1048576K
}
Event: 8.169 GC heap before
{Heap before GC invocations=4 (full 2):
 garbage-first heap   total 27648K, used 15727K [0x0000000081e00000, 0x0000000100000000)
  region size 1024K, 2 young (2048K), 1 survivors (1024K)
 Metaspace       used 20755K, capacity 20943K, committed 21120K, reserved 1069056K
  class space    used 2100K, capacity 2156K, committed 2176K, reserved 1048576K
}
Event: 8.174 GC heap after
{Heap after GC invocations=5 (full 2):
 garbage-first heap   total 27648K, used 15851K [0x0000000081e00000, 0x0000000100000000)
  region size 1024K, 1 young (1024K), 1 survivors (1024K)
 Metaspace       used 20755K, capacity 20943K, committed 21120K, reserved 1069056K
  class space    used 2100K, capacity 2156K, committed 2176K, reserved 1048576K
}
Event: 8.258 GC heap before
{Heap before GC invocations=6 (full 2):
 garbage-first heap   total 30720K, used 16875K [0x0000000081e00000, 0x0000000100000000)
  region size 1024K, 2 young (2048K), 1 survivors (1024K)
 Metaspace       used 20802K, capacity 21039K, committed 21248K, reserved 1069056K
  class space    used 2105K, capacity 2188K, committed 2304K, reserved 1048576K
}
Event: 8.262 GC heap after
{Heap after GC invocations=7 (full 2):
 garbage-first heap   total 30720K, used 16809K [0x0000000081e00000, 0x0000000100000000)
  region size 1024K, 1 young (1024K), 1 survivors (1024K)
 Metaspace       used 20802K, capacity 21039K, committed 21248K, reserved 1069056K
  class space    used 2105K, capacity 2188K, committed 2304K, reserved 1048576K
}
Event: 8.527 GC heap before
{Heap before GC invocations=7 (full 2):
 garbage-first heap   total 30720K, used 16809K [0x0000000081e00000, 0x0000000100000000)
  region size 1024K, 2 young (2048K), 1 survivors (1024K)
 Metaspace       used 21178K, capacity 21459K, committed 21760K, reserved 1069056K
  class space    used 2138K, capacity 2220K, committed 2304K, reserved 1048576K
}
Event: 8.530 GC heap after
{Heap after GC invocations=8 (full 2):
 garbage-first heap   total 30720K, used 15861K [0x0000000081e00000, 0x0000000100000000)
  region size 1024K, 1 young (1024K), 1 survivors (1024K)
 Metaspace       used 21178K, capacity 21459K, committed 21760K, reserved 1069056K
  class space    used 2138K, capacity 2220K, committed 2304K, reserved 1048576K
}
Event: 13.355 GC heap before
{Heap before GC invocations=8 (full 2):
 garbage-first heap   total 30720K, used 16885K [0x0000000081e00000, 0x0000000100000000)
  region size 1024K, 3 young (3072K), 1 survivors (1024K)
 Metaspace       used 21329K, capacity 21587K, committed 21760K, reserved 1069056K
  class space    used 2140K, capacity 2220K, committed 2304K, reserved 1048576K
}
Event: 13.367 GC heap after
{Heap after GC invocations=9 (full 3):
 garbage-first heap   total 30720K, used 8998K [0x0000000081e00000, 0x0000000100000000)
  region size 1024K, 0 young (0K), 0 survivors (0K)
 Metaspace       used 21329K, capacity 21587K, committed 21760K, reserved 1069056K
  class space    used 2140K, capacity 2220K, committed 2304K, reserved 1048576K
}
Event: 13.374 GC heap before
{Heap before GC invocations=9 (full 3):
 garbage-first heap   total 30720K, used 13094K [0x0000000081e00000, 0x0000000100000000)
  region size 1024K, 5 young (5120K), 0 survivors (0K)
 Metaspace       used 21330K, capacity 21587K, committed 21760K, reserved 1069056K
  class space    used 2140K, capacity 2220K, committed 2304K, reserved 1048576K
}
Event: 13.378 GC heap after
{Heap after GC invocations=10 (full 3):
 garbage-first heap   total 30720K, used 11949K [0x0000000081e00000, 0x0000000100000000)
  region size 1024K, 1 young (1024K), 1 survivors (1024K)
 Metaspace       used 21330K, capacity 21587K, committed 21760K, reserved 1069056K
  class space    used 2140K, capacity 2220K, committed 2304K, reserved 1048576K
}
Event: 13.387 GC heap before
{Heap before GC invocations=10 (full 3):
 garbage-first heap   total 30720K, used 15021K [0x0000000081e00000, 0x0000000100000000)
  region size 1024K, 5 young (5120K), 1 survivors (1024K)
 Metaspace       used 21330K, capacity 21587K, committed 21760K, reserved 1069056K
  class space    used 2140K, capacity 2220K, committed 2304K, reserved 1048576K
}
Event: 13.392 GC heap after
{Heap after GC invocations=11 (full 3):
 garbage-first heap   total 30720K, used 15017K [0x0000000081e00000, 0x0000000100000000)
  region size 1024K, 1 young (1024K), 1 survivors (1024K)
 Metaspace       used 21330K, capacity 21587K, committed 21760K, reserved 1069056K
  class space    used 2140K, capacity 2220K, committed 2304K, reserved 1048576K
}
Event: 13.406 GC heap before
{Heap before GC invocations=11 (full 3):
 garbage-first heap   total 30720K, used 18089K [0x0000000081e00000, 0x0000000100000000)
  region size 1024K, 4 young (4096K), 1 survivors (1024K)
 Metaspace       used 21331K, capacity 21587K, committed 21760K, reserved 1069056K
  class space    used 2140K, capacity 2220K, committed 2304K, reserved 1048576K
}
Event: 13.411 GC heap after
{Heap after GC invocations=12 (full 3):
 garbage-first heap   total 30720K, used 18158K [0x0000000081e00000, 0x0000000100000000)
  region size 1024K, 1 young (1024K), 1 survivors (1024K)
 Metaspace       used 21331K, capacity 21587K, committed 21760K, reserved 1069056K
  class space    used 2140K, capacity 2220K, committed 2304K, reserved 1048576K
}
Event: 13.641 GC heap before
{Heap before GC invocations=13 (full 3):
 garbage-first heap   total 34816K, used 18158K [0x0000000081e00000, 0x0000000100000000)
  region size 1024K, 2 young (2048K), 1 survivors (1024K)
 Metaspace       used 21334K, capacity 21587K, committed 21760K, reserved 1069056K
  class space    used 2140K, capacity 2220K, committed 2304K, reserved 1048576K
}
Event: 13.644 GC heap after
{Heap after GC invocations=14 (full 3):
 garbage-first heap   total 34816K, used 19082K [0x0000000081e00000, 0x0000000100000000)
  region size 1024K, 1 young (1024K), 1 survivors (1024K)
 Metaspace       used 21334K, capacity 21587K, committed 21760K, reserved 1069056K
  class space    used 2140K, capacity 2220K, committed 2304K, reserved 1048576K
}
Event: 13.712 GC heap before
{Heap before GC invocations=14 (full 3):
 garbage-first heap   total 34816K, used 20106K [0x0000000081e00000, 0x0000000100000000)
  region size 1024K, 2 young (2048K), 1 survivors (1024K)
 Metaspace       used 21337K, capacity 21587K, committed 21760K, reserved 1069056K
  class space    used 2140K, capacity 2220K, committed 2304K, reserved 1048576K
}
Event: 13.713 GC heap after
{Heap after GC invocations=15 (full 3):
 garbage-first heap   total 34816K, used 15501K [0x0000000081e00000, 0x0000000100000000)
  region size 1024K, 1 young (1024K), 1 survivors (1024K)
 Metaspace       used 21337K, capacity 21587K, committed 21760K, reserved 1069056K
  class space    used 2140K, capacity 2220K, committed 2304K, reserved 1048576K
}

